#-----------------------------------------------------------
# Vivado v2025.2 (64-bit)
# SW Build 6299465 on Fri Nov 14 19:35:11 GMT 2025
# IP Build 6300035 on Fri Nov 14 10:48:45 MST 2025
# SharedData Build 6298862 on Thu Nov 13 04:50:51 MST 2025
# Start of session at: Wed Mar  4 09:48:42 2026
# Process ID         : 10476
# Current directory  : C:/Users/C28Reva.Kalbhor/ece281/ice4
# Command line       : vivado.exe -gui_launcher_event rodinguilauncherevent932 C:\Users\C28Reva.Kalbhor\ece281\ice4\stoplight.xpr
# Log file           : C:/Users/C28Reva.Kalbhor/ece281/ice4/vivado.log
# Journal file       : C:/Users/C28Reva.Kalbhor/ece281/ice4\vivado.jou
# Running On         : C28-2TK41601DB
# Platform           : Windows Server 2016 or Windows 10
# Operating System   : 22631
# Processor Detail   : AMD Ryzen 7 PRO 7840U w/ Radeon 780M Graphics  
# CPU Frequency      : 3294 MHz
# CPU Physical cores : 8
# CPU Logical cores  : 16
# Host memory        : 33585 MB
# Swap memory        : 5100 MB
# Total Virtual      : 38685 MB
# Available Virtual  : 13129 MB
#-----------------------------------------------------------
start_gui
